TN:
SF:src\components\menu\index.tsx
FN:8,Menu
FNF:1
FNH:1
FNDA:5,Menu
DA:1,1
DA:2,1
DA:3,1
DA:4,1
DA:5,1
DA:6,1
DA:7,1
DA:8,1
DA:9,5
DA:10,5
DA:11,5
DA:12,5
DA:13,5
DA:14,5
DA:15,5
DA:16,5
DA:17,5
DA:18,5
DA:19,5
DA:20,5
DA:21,10
DA:22,5
DA:23,5
DA:24,5
DA:25,5
DA:26,5
DA:27,5
DA:28,1
DA:29,1
LF:29
LH:29
BRDA:8,0,0,5
BRDA:16,1,0,0
BRDA:9,2,0,5
BRDA:10,3,0,10
BRDA:20,4,0,10
BRF:5
BRH:4
end_of_record
TN:
SF:src\components\menu\menu-item.tsx
FN:6,MenuItem
FNF:1
FNH:1
FNDA:10,MenuItem
DA:1,1
DA:2,1
DA:3,1
DA:4,1
DA:5,1
DA:6,1
DA:7,10
DA:8,10
DA:9,10
DA:10,10
DA:11,10
DA:12,10
DA:13,10
DA:14,10
DA:15,10
DA:16,10
DA:17,10
DA:18,10
DA:19,10
DA:20,10
DA:21,10
DA:22,10
DA:23,10
DA:24,10
DA:25,10
DA:26,10
DA:27,0
DA:28,10
DA:29,10
DA:30,10
DA:31,10
DA:32,10
DA:33,10
DA:34,10
DA:35,10
DA:36,10
DA:37,1
DA:38,1
LF:38
LH:37
BRDA:6,0,0,10
BRDA:26,1,0,0
BRDA:30,2,0,0
BRF:3
BRH:1
end_of_record
TN:
SF:src\components\popup\index.tsx
FN:16,createPopupPlaceholder
FN:29,Popup
FNF:2
FNH:1
FNDA:0,createPopupPlaceholder
FNDA:2,Popup
DA:1,1
DA:2,1
DA:3,1
DA:4,1
DA:5,1
DA:6,1
DA:7,1
DA:8,1
DA:9,1
DA:10,1
DA:11,1
DA:12,1
DA:13,1
DA:14,1
DA:15,1
DA:16,1
DA:17,0
DA:18,0
DA:19,0
DA:20,0
DA:21,0
DA:22,0
DA:23,0
DA:24,0
DA:25,0
DA:26,0
DA:27,0
DA:28,1
DA:29,1
DA:30,2
DA:31,2
DA:32,2
DA:33,2
DA:34,2
DA:35,2
DA:36,2
DA:37,2
DA:38,2
DA:39,2
DA:40,2
DA:41,2
DA:42,2
DA:43,2
DA:44,2
DA:45,2
DA:46,1
DA:47,1
LF:47
LH:36
BRDA:29,0,0,2
BRDA:40,1,0,0
BRDA:41,2,0,0
BRDA:31,3,0,2
BRF:4
BRH:2
end_of_record
TN:
SF:src\components\toolbar\index.tsx
FN:12,Toolbar
FNF:1
FNH:0
FNDA:0,Toolbar
DA:1,1
DA:2,1
DA:3,1
DA:4,1
DA:5,1
DA:6,1
DA:7,1
DA:8,1
DA:9,1
DA:10,1
DA:11,1
DA:12,1
DA:13,0
DA:14,0
DA:15,0
DA:16,0
DA:17,0
DA:18,0
DA:19,0
DA:20,0
DA:21,0
DA:22,0
DA:23,0
DA:24,0
DA:25,0
DA:26,0
DA:27,0
DA:28,0
DA:29,0
DA:30,0
DA:31,0
DA:32,0
DA:33,0
DA:34,0
DA:35,0
DA:36,1
DA:37,1
LF:37
LH:14
BRF:0
BRH:0
end_of_record
TN:
SF:src\effects\default.tsx
FNF:0
FNH:0
DA:1,1
DA:2,1
DA:3,1
DA:4,1
DA:5,1
DA:6,1
DA:7,1
DA:8,1
DA:9,1
DA:10,1
DA:11,1
DA:12,1
DA:13,1
DA:14,1
DA:15,1
DA:16,1
DA:17,1
DA:18,1
DA:19,1
DA:20,1
DA:21,1
DA:22,1
DA:23,1
DA:24,1
DA:25,1
DA:26,1
DA:27,1
DA:28,1
DA:29,1
DA:30,1
DA:31,1
DA:32,1
DA:33,1
DA:34,1
DA:35,1
DA:36,1
DA:37,1
DA:38,1
DA:39,1
DA:40,1
DA:41,1
DA:42,1
DA:43,1
DA:44,1
DA:45,1
DA:46,1
DA:47,1
DA:48,1
DA:49,1
DA:50,1
DA:51,1
LF:51
LH:51
BRF:0
BRH:0
end_of_record
TN:
SF:src\effects\useContextMenu.tsx
FN:18,useContextMenu
FN:56,handleContextMenu
FN:93,handleTransitionEnd
FN:145,handleClose
FNF:4
FNH:2
FNDA:8,useContextMenu
FNDA:3,handleContextMenu
FNDA:0,handleTransitionEnd
FNDA:0,handleClose
DA:1,1
DA:2,1
DA:3,1
DA:4,1
DA:5,1
DA:6,1
DA:7,1
DA:8,1
DA:9,1
DA:10,1
DA:11,1
DA:12,1
DA:13,1
DA:14,1
DA:15,1
DA:16,1
DA:17,1
DA:18,1
DA:19,8
DA:20,8
DA:21,8
DA:22,8
DA:23,8
DA:24,8
DA:25,8
DA:26,8
DA:27,8
DA:28,8
DA:29,8
DA:30,8
DA:31,8
DA:32,8
DA:33,8
DA:34,8
DA:35,8
DA:36,8
DA:37,8
DA:38,8
DA:39,8
DA:40,8
DA:41,8
DA:42,8
DA:43,0
DA:44,0
DA:45,0
DA:46,0
DA:47,0
DA:48,0
DA:49,0
DA:50,0
DA:51,0
DA:52,0
DA:53,8
DA:54,8
DA:55,8
DA:56,8
DA:57,3
DA:58,3
DA:59,3
DA:60,3
DA:61,3
DA:62,3
DA:63,3
DA:64,3
DA:65,3
DA:66,3
DA:67,3
DA:68,3
DA:69,3
DA:70,3
DA:71,3
DA:72,3
DA:73,3
DA:74,3
DA:75,6
DA:76,3
DA:77,3
DA:78,3
DA:79,3
DA:80,0
DA:81,0
DA:82,0
DA:83,3
DA:84,3
DA:85,3
DA:86,3
DA:87,3
DA:88,3
DA:89,3
DA:90,3
DA:91,8
DA:92,8
DA:93,8
DA:94,0
DA:95,0
DA:96,0
DA:97,0
DA:98,0
DA:99,0
DA:100,0
DA:101,0
DA:102,0
DA:103,0
DA:104,0
DA:105,0
DA:106,0
DA:107,0
DA:108,0
DA:109,0
DA:110,0
DA:111,8
DA:112,8
DA:113,8
DA:114,5
DA:115,5
DA:116,5
DA:117,5
DA:118,5
DA:119,5
DA:120,5
DA:121,5
DA:122,5
DA:123,5
DA:124,5
DA:125,5
DA:126,5
DA:127,8
DA:128,8
DA:129,8
DA:130,8
DA:131,8
DA:132,8
DA:133,8
DA:134,3
DA:135,3
DA:136,3
DA:137,3
DA:138,0
DA:139,0
DA:140,0
DA:141,3
DA:142,8
DA:143,8
DA:144,8
DA:145,8
DA:146,0
DA:147,0
DA:148,0
DA:149,0
DA:150,0
DA:151,0
DA:152,0
DA:153,0
DA:154,0
DA:155,8
DA:156,8
DA:157,8
DA:158,5
DA:159,5
DA:160,5
DA:161,5
DA:162,5
DA:163,5
DA:164,5
DA:165,5
DA:166,5
DA:167,5
DA:168,5
DA:169,5
DA:170,5
DA:171,6
DA:172,5
DA:173,5
DA:174,8
DA:175,8
DA:176,8
DA:177,8
DA:178,5
DA:179,5
DA:180,5
DA:181,8
DA:182,8
DA:183,1
DA:184,1
LF:184
LH:142
BRDA:18,0,0,8
BRDA:56,1,0,3
BRDA:58,2,0,0
BRDA:70,3,0,0
BRDA:79,4,0,0
BRDA:73,5,0,3
BRDA:74,6,0,6
BRDA:113,7,0,5
BRDA:130,8,0,8
BRDA:133,9,0,3
BRDA:137,10,0,0
BRDA:157,11,0,5
BRDA:160,12,0,0
BRDA:166,13,0,5
BRDA:170,14,0,6
BRDA:177,15,0,5
BRF:16
BRH:11
end_of_record
TN:
SF:src\effects\useMousePointer.tsx
FN:21,useMousePointer
FNF:1
FNH:1
FNDA:5,useMousePointer
DA:1,1
DA:2,1
DA:3,1
DA:4,1
DA:5,1
DA:6,1
DA:7,1
DA:8,1
DA:9,1
DA:10,1
DA:11,1
DA:12,1
DA:13,1
DA:14,1
DA:15,1
DA:16,1
DA:17,1
DA:18,1
DA:19,1
DA:20,1
DA:21,1
DA:22,5
DA:23,5
DA:24,5
DA:25,5
DA:26,5
DA:27,5
DA:28,5
DA:29,5
DA:30,5
DA:31,5
DA:32,5
DA:33,5
DA:34,5
DA:35,5
DA:36,5
DA:37,5
DA:38,5
DA:39,5
DA:40,4
DA:41,4
DA:42,4
DA:43,4
DA:44,0
DA:45,0
DA:46,0
DA:47,0
DA:48,0
DA:49,0
DA:50,0
DA:51,0
DA:52,5
DA:53,5
DA:54,5
DA:55,5
DA:56,0
DA:57,0
DA:58,5
DA:59,5
DA:60,5
DA:61,0
DA:62,5
DA:63,0
DA:64,5
DA:65,0
DA:66,5
DA:67,5
DA:68,5
DA:69,5
DA:70,5
DA:71,5
DA:72,5
DA:73,5
DA:74,0
DA:75,0
DA:76,0
DA:77,0
DA:78,0
DA:79,5
DA:80,5
DA:81,5
DA:82,4
DA:83,4
DA:84,4
DA:85,4
DA:86,0
DA:87,0
DA:88,5
DA:89,5
DA:90,5
DA:91,4
DA:92,4
DA:93,4
DA:94,4
DA:95,2
DA:96,2
DA:97,2
DA:98,2
DA:99,2
DA:100,2
DA:101,2
DA:102,2
DA:103,2
DA:104,2
DA:105,2
DA:106,2
DA:107,2
DA:108,2
DA:109,2
DA:110,2
DA:111,2
DA:112,2
DA:113,2
DA:114,2
DA:115,2
DA:116,2
DA:117,5
DA:118,5
DA:119,1
DA:120,1
LF:120
LH:100
BRDA:21,0,0,5
BRDA:39,1,0,4
BRDA:43,2,0,0
BRDA:43,3,0,0
BRDA:54,4,0,5
BRDA:55,5,0,0
BRDA:60,6,0,0
BRDA:62,7,0,0
BRDA:64,8,0,0
BRDA:71,9,0,5
BRDA:73,10,0,0
BRDA:73,11,0,0
BRDA:81,12,0,4
BRDA:85,13,0,0
BRDA:85,14,0,0
BRDA:90,15,0,4
BRDA:94,16,0,2
BRDA:94,17,0,2
BRDA:102,18,0,0
BRDA:103,19,0,0
BRF:20
BRH:8
end_of_record
TN:
SF:src\effects\useMousePosition.ts
FN:13,useMousePosition
FNF:1
FNH:1
FNDA:10,useMousePosition
DA:1,1
DA:2,1
DA:3,1
DA:4,1
DA:5,1
DA:6,1
DA:7,1
DA:8,1
DA:9,1
DA:10,1
DA:11,1
DA:12,1
DA:13,1
DA:14,10
DA:15,10
DA:16,10
DA:17,10
DA:18,10
DA:19,10
DA:20,10
DA:21,10
DA:22,10
DA:23,10
DA:24,10
DA:25,10
DA:26,10
DA:27,10
DA:28,10
DA:29,10
DA:30,10
DA:31,10
DA:32,10
DA:33,3
DA:34,3
DA:35,3
DA:36,3
DA:37,3
DA:38,3
DA:39,3
DA:40,3
DA:41,3
DA:42,10
DA:43,10
DA:44,10
DA:45,10
DA:46,0
DA:47,0
DA:48,10
DA:49,10
DA:50,10
DA:51,10
DA:52,3
DA:53,3
DA:54,3
DA:55,3
DA:56,3
DA:57,3
DA:58,3
DA:59,3
DA:60,3
DA:61,3
DA:62,3
DA:63,10
DA:64,10
DA:65,10
DA:66,10
DA:67,10
DA:68,0
DA:69,0
DA:70,0
DA:71,0
DA:72,0
DA:73,0
DA:74,0
DA:75,0
DA:76,0
DA:77,0
DA:78,0
DA:79,0
DA:80,10
DA:81,10
DA:82,10
DA:83,10
DA:84,10
DA:85,0
DA:86,0
DA:87,0
DA:88,0
DA:89,0
DA:90,0
DA:91,0
DA:92,10
DA:93,10
DA:94,10
DA:95,10
DA:96,0
DA:97,0
DA:98,10
DA:99,10
DA:100,10
DA:101,10
DA:102,7
DA:103,7
DA:104,7
DA:105,7
DA:106,7
DA:107,7
DA:108,7
DA:109,7
DA:110,7
DA:111,7
DA:112,7
DA:113,7
DA:114,7
DA:115,10
DA:116,10
DA:117,10
DA:118,10
DA:119,1
DA:120,1
LF:120
LH:97
BRDA:13,0,0,10
BRDA:32,1,0,3
BRDA:51,2,0,3
BRDA:101,3,0,7
BRDA:104,4,0,0
BRDA:110,5,0,7
BRF:6
BRH:5
end_of_record
TN:
SF:src\effects\useMouseWheel.ts
FN:10,useMouseWheel
FN:19,clampScale
FNF:2
FNH:1
FNDA:9,useMouseWheel
FNDA:0,clampScale
DA:1,1
DA:2,1
DA:3,1
DA:4,1
DA:5,1
DA:6,1
DA:7,1
DA:8,1
DA:9,1
DA:10,1
DA:11,9
DA:12,9
DA:13,9
DA:14,9
DA:15,9
DA:16,9
DA:17,9
DA:18,9
DA:19,9
DA:20,0
DA:21,0
DA:22,9
DA:23,9
DA:24,9
DA:25,0
DA:26,0
DA:27,0
DA:28,0
DA:29,0
DA:30,0
DA:31,9
DA:32,9
DA:33,9
DA:34,9
DA:35,9
DA:36,9
DA:37,9
DA:38,9
DA:39,9
DA:40,9
DA:41,8
DA:42,8
DA:43,8
DA:44,8
DA:45,8
DA:46,8
DA:47,8
DA:48,8
DA:49,8
DA:50,8
DA:51,9
DA:52,9
DA:53,9
DA:54,9
DA:55,9
DA:56,9
DA:57,1
DA:58,1
LF:58
LH:50
BRDA:10,0,0,9
BRDA:35,1,0,11
BRDA:40,2,0,8
BRDA:47,3,0,8
BRF:4
BRH:4
end_of_record
TN:
SF:src\effects\usePopup.tsx
FN:18,usePopup
FNF:1
FNH:1
FNDA:2,usePopup
DA:1,1
DA:2,1
DA:3,1
DA:4,1
DA:5,1
DA:6,1
DA:7,1
DA:8,1
DA:9,1
DA:10,1
DA:11,1
DA:12,1
DA:13,1
DA:14,1
DA:15,1
DA:16,1
DA:17,1
DA:18,1
DA:19,2
DA:20,2
DA:21,2
DA:22,2
DA:23,2
DA:24,2
DA:25,2
DA:26,2
DA:27,2
DA:28,2
DA:29,2
DA:30,2
DA:31,2
DA:32,2
DA:33,2
DA:34,2
DA:35,2
DA:36,2
DA:37,2
DA:38,2
DA:39,2
DA:40,2
DA:41,2
DA:42,2
DA:43,2
DA:44,2
DA:45,2
DA:46,0
DA:47,0
DA:48,0
DA:49,0
DA:50,0
DA:51,0
DA:52,0
DA:53,0
DA:54,0
DA:55,0
DA:56,0
DA:57,0
DA:58,0
DA:59,0
DA:60,0
DA:61,0
DA:62,0
DA:63,0
DA:64,0
DA:65,0
DA:66,0
DA:67,0
DA:68,0
DA:69,0
DA:70,2
DA:71,2
DA:72,2
DA:73,2
DA:74,0
DA:75,0
DA:76,0
DA:77,0
DA:78,0
DA:79,0
DA:80,0
DA:81,0
DA:82,0
DA:83,0
DA:84,2
DA:85,2
DA:86,2
DA:87,2
DA:88,2
DA:89,2
DA:90,2
DA:91,2
DA:92,2
DA:93,2
DA:94,2
DA:95,2
DA:96,2
DA:97,2
DA:98,2
DA:99,2
DA:100,2
DA:101,2
DA:102,2
DA:103,2
DA:104,2
DA:105,2
DA:106,2
DA:107,2
DA:108,2
DA:109,2
DA:110,2
DA:111,2
DA:112,2
DA:113,2
DA:114,2
DA:115,2
DA:116,2
DA:117,2
DA:118,2
DA:119,2
DA:120,2
DA:121,2
DA:122,2
DA:123,2
DA:124,2
DA:125,2
DA:126,2
DA:127,0
DA:128,0
DA:129,2
DA:130,2
DA:131,2
DA:132,2
DA:133,2
DA:134,2
DA:135,2
DA:136,2
DA:137,2
DA:138,2
DA:139,0
DA:140,0
DA:141,0
DA:142,0
DA:143,0
DA:144,0
DA:145,0
DA:146,0
DA:147,0
DA:148,2
DA:149,2
DA:150,2
DA:151,2
DA:152,2
DA:153,0
DA:154,0
DA:155,0
DA:156,0
DA:157,0
DA:158,2
DA:159,2
DA:160,2
DA:161,2
DA:162,2
DA:163,2
DA:164,1
DA:165,1
LF:165
LH:115
BRDA:18,0,0,2
BRDA:35,1,0,2
BRDA:96,2,0,2
BRDA:103,3,0,2
BRDA:132,4,0,2
BRDA:138,5,0,0
BRDA:151,6,0,2
BRDA:152,7,0,0
BRF:8
BRH:6
end_of_record
TN:
SF:src\effects\useTheme.ts
FN:12,useTheme
FN:26,setStyleProperty
FNF:2
FNH:2
FNDA:14,useTheme
FNDA:117,setStyleProperty
DA:1,1
DA:2,1
DA:3,1
DA:4,1
DA:5,1
DA:6,1
DA:7,1
DA:8,1
DA:9,1
DA:10,1
DA:11,1
DA:12,1
DA:13,14
DA:14,14
DA:15,14
DA:16,14
DA:17,14
DA:18,14
DA:19,14
DA:20,14
DA:21,14
DA:22,1
DA:23,1
DA:24,13
DA:25,13
DA:26,13
DA:27,117
DA:28,117
DA:29,13
DA:30,13
DA:31,13
DA:32,13
DA:33,13
DA:34,13
DA:35,13
DA:36,14
DA:37,14
DA:38,14
DA:39,14
DA:40,14
DA:41,14
DA:42,3
DA:43,10
DA:44,14
DA:45,14
DA:46,13
DA:47,13
DA:48,13
DA:49,13
DA:50,13
DA:51,13
DA:52,13
DA:53,13
DA:54,13
DA:55,13
DA:56,13
DA:57,13
DA:58,13
DA:59,14
DA:60,14
DA:61,14
DA:62,14
DA:63,14
DA:64,14
DA:65,14
DA:66,13
DA:67,13
DA:68,13
DA:69,13
DA:70,13
DA:71,13
DA:72,13
DA:73,13
DA:74,13
DA:75,13
DA:76,13
DA:77,13
DA:78,13
DA:79,14
DA:80,14
DA:81,1
DA:82,1
LF:82
LH:82
BRDA:12,0,0,14
BRDA:19,1,0,14
BRDA:21,2,0,13
BRDA:21,3,0,1
BRDA:23,4,0,13
BRDA:36,5,0,1
BRDA:38,6,0,1
BRDA:41,7,0,3
BRDA:42,8,0,10
BRDA:45,9,0,13
BRDA:54,10,0,2
BRDA:59,11,0,3
BRDA:59,12,0,10
BRDA:60,13,0,3
BRDA:60,14,0,10
BRDA:26,15,0,117
BRDA:65,16,0,13
BRDA:77,17,0,117
BRF:18
BRH:18
end_of_record
TN:
SF:src\effects\utils.ts
FN:13,getDirection
FN:43,styleobjectToCssText
FN:49,getSelectionDiv
FN:70,getPointerImageWrapperDiv
FN:82,isTagTypeSpecial
FN:97,createPopupPlaceholder
FN:115,getAllHtmlAttrValues
FN:134,calculatePopupPosition
FNF:8
FNH:5
FNDA:3,getDirection
FNDA:4,styleobjectToCssText
FNDA:0,getSelectionDiv
FNDA:2,getPointerImageWrapperDiv
FNDA:0,isTagTypeSpecial
FNDA:2,createPopupPlaceholder
FNDA:0,getAllHtmlAttrValues
FNDA:2,calculatePopupPosition
DA:1,1
DA:2,1
DA:3,1
DA:4,1
DA:5,1
DA:6,1
DA:7,1
DA:8,1
DA:9,1
DA:10,1
DA:11,1
DA:12,1
DA:13,1
DA:14,3
DA:15,3
DA:16,3
DA:17,3
DA:18,3
DA:19,0
DA:20,0
DA:21,3
DA:22,3
DA:23,3
DA:24,3
DA:25,3
DA:26,3
DA:27,3
DA:28,3
DA:29,3
DA:30,3
DA:31,0
DA:32,0
DA:33,0
DA:34,3
DA:35,0
DA:36,3
DA:37,3
DA:38,3
DA:39,3
DA:40,3
DA:41,1
DA:42,1
DA:43,1
DA:44,4
DA:45,12
DA:46,4
DA:47,4
DA:48,1
DA:49,1
DA:50,0
DA:51,0
DA:52,0
DA:53,0
DA:54,0
DA:55,0
DA:56,0
DA:57,0
DA:58,0
DA:59,0
DA:60,0
DA:61,0
DA:62,0
DA:63,0
DA:64,0
DA:65,0
DA:66,0
DA:67,0
DA:68,0
DA:69,1
DA:70,1
DA:71,2
DA:72,2
DA:73,2
DA:74,2
DA:75,2
DA:76,2
DA:77,2
DA:78,2
DA:79,2
DA:80,2
DA:81,1
DA:82,1
DA:83,0
DA:84,0
DA:85,0
DA:86,0
DA:87,0
DA:88,0
DA:89,0
DA:90,0
DA:91,1
DA:92,1
DA:93,1
DA:94,1
DA:95,1
DA:96,1
DA:97,1
DA:98,2
DA:99,2
DA:100,2
DA:101,2
DA:102,2
DA:103,2
DA:104,2
DA:105,2
DA:106,2
DA:107,2
DA:108,2
DA:109,2
DA:110,2
DA:111,1
DA:112,1
DA:113,1
DA:114,1
DA:115,1
DA:116,0
DA:117,0
DA:118,0
DA:119,0
DA:120,0
DA:121,0
DA:122,1
DA:123,1
DA:124,1
DA:125,1
DA:126,1
DA:127,1
DA:128,1
DA:129,1
DA:130,1
DA:131,1
DA:132,1
DA:133,1
DA:134,1
DA:135,2
DA:136,2
DA:137,2
DA:138,2
DA:139,2
DA:140,2
DA:141,2
DA:142,2
DA:143,2
DA:144,2
DA:145,2
DA:146,2
DA:147,0
DA:148,0
DA:149,2
DA:150,2
DA:151,2
DA:152,2
DA:153,0
DA:154,0
DA:155,2
DA:156,0
DA:157,0
DA:158,2
DA:159,0
DA:160,2
DA:161,2
DA:162,2
DA:163,2
DA:164,2
DA:165,2
DA:166,2
DA:167,2
DA:168,2
DA:169,0
DA:170,0
DA:171,2
DA:172,2
DA:173,2
LF:173
LH:125
BRDA:13,0,0,3
BRDA:18,1,0,0
BRDA:18,2,0,0
BRDA:30,3,0,0
BRDA:34,4,0,0
BRDA:43,5,0,4
BRDA:44,6,0,12
BRDA:70,7,0,2
BRDA:97,8,0,2
BRDA:134,9,0,2
BRDA:146,10,0,0
BRDA:152,11,0,0
BRDA:155,12,0,0
BRDA:158,13,0,0
BRDA:168,14,0,0
BRF:15
BRH:6
end_of_record
